#
# There is insufficient memory for the Java Runtime Environment to continue.
# Native memory allocation (malloc) failed to allocate 1048576 bytes for AllocateHeap
# Possible reasons:
#   The system is out of physical RAM or swap space
#   The process is running with CompressedOops enabled, and the Java Heap may be blocking the growth of the native heap
# Possible solutions:
#   Reduce memory load on the system
#   Increase physical memory or swap space
#   Check if swap backing store is full
#   Decrease Java heap size (-Xmx/-Xms)
#   Decrease number of Java threads
#   Decrease Java thread stack sizes (-Xss)
#   Set larger code cache with -XX:ReservedCodeCacheSize=
#   JVM is running with Unscaled Compressed Oops mode in which the Java heap is
#     placed in the first 4GB address space. The Java Heap base address is the
#     maximum limit for the native heap growth. Please use -XX:HeapBaseMinAddress
#     to set the Java Heap base and to place the Java Heap above 4GB virtual address.
# This output file may be truncated or incomplete.
#
#  Out of Memory Error (memory/allocation.inline.hpp:61), pid=17800, tid=0x0000000000004030
#
# JRE version:  (8.0_221-b11) (build )
# Java VM: Java HotSpot(TM) 64-Bit Server VM (25.221-b11 mixed mode windows-amd64 compressed oops)
# Failed to write core dump. Minidumps are not enabled by default on client versions of Windows
#

---------------  T H R E A D  ---------------

Current thread (0x0000000000f5e000):  JavaThread "Unknown thread" [_thread_in_vm, id=16432, stack(0x0000000002710000,0x0000000002810000)]

Stack: [0x0000000002710000,0x0000000002810000]
[error occurred during error reporting (printing stack bounds), id 0xc0000005]

Native frames: (J=compiled Java code, j=interpreted, Vv=VM code, C=native code)


---------------  P R O C E S S  ---------------

Java Threads: ( => current thread )

Other Threads:

=>0x0000000000f5e000 (exited) JavaThread "Unknown thread" [_thread_in_vm, id=16432, stack(0x0000000002710000,0x0000000002810000)]

VM state:not at safepoint (normal execution)

VM Mutex/Monitor currently owned by a thread: None

heap address: 0x0000000081800000, size: 2024 MB, Compressed Oops mode: 32-bit
Narrow klass base: 0x0000000000000000, Narrow klass shift: 3
Compressed class space size: 1073741824 Address: 0x0000000100000000

Heap:
 PSYoungGen      total 38400K, used 665K [0x00000000d5d80000, 0x00000000d8800000, 0x0000000100000000)
  eden space 33280K, 2% used [0x00000000d5d80000,0x00000000d5e26670,0x00000000d7e00000)
  from space 5120K, 0% used [0x00000000d8300000,0x00000000d8300000,0x00000000d8800000)
  to   space 5120K, 0% used [0x00000000d7e00000,0x00000000d7e00000,0x00000000d8300000)
 ParOldGen       total 87552K, used 0K [0x0000000081800000, 0x0000000086d80000, 0x00000000d5d80000)
  object space 87552K, 0% used [0x0000000081800000,0x0000000081800000,0x0000000086d80000)
 Metaspace       used 752K, capacity 4480K, committed 4480K, reserved 1056768K
  class space    used 76K, capacity 384K, committed 384K, reserved 1048576K

Card table byte_map: [0x0000000011d50000,0x0000000012150000] byte_map_base: 0x0000000011944000

Marking Bits: (ParMarkBitMap*) 0x000000006dc05ce0
 Begin Bits: [0x0000000012c00000, 0x0000000014ba0000)
 End Bits:   [0x0000000014ba0000, 0x0000000016b40000)

Polling page: 0x0000000000ee0000

CodeCache: size=245760Kb used=328Kb max_used=328Kb free=245431Kb
 bounds [0x0000000002990000, 0x0000000002c00000, 0x0000000011990000]
 total_blobs=58 nmethods=0 adapters=38
 compilation: enabled

Compilation events (0 events):
No events

GC Heap History (0 events):
No events

Deoptimization events (0 events):
No events

Classes redefined (0 events):
No events

Internal exceptions (0 events):
No events

Events (10 events):
Event: 0.021 loading class java/lang/Short
Event: 0.021 loading class java/lang/Short done
Event: 0.021 loading class java/lang/Integer
Event: 0.021 loading class java/lang/Integer done
Event: 0.021 loading class java/lang/Long
Event: 0.021 loading class java/lang/Long done
Event: 0.021 loading class java/lang/NullPointerException
Event: 0.021 loading class java/lang/NullPointerException done
Event: 0.021 loading class java/lang/ArithmeticException
Event: 0.021 loading class java/lang/ArithmeticException done


Dynamic libraries:
0x00007ff6d6620000 - 0x00007ff6d6657000 	C:\Program Files\Java\jre1.8.0_221\bin\javaw.exe
0x00007ff8d3040000 - 0x00007ff8d3230000 	C:\WINDOWS\SYSTEM32\ntdll.dll
0x00007ff8d2a40000 - 0x00007ff8d2af2000 	C:\WINDOWS\System32\KERNEL32.DLL
0x00007ff8d05c0000 - 0x00007ff8d0863000 	C:\WINDOWS\System32\KERNELBASE.dll
0x00007ff8d2990000 - 0x00007ff8d2a33000 	C:\WINDOWS\System32\ADVAPI32.dll
0x00007ff8d13f0000 - 0x00007ff8d148e000 	C:\WINDOWS\System32\msvcrt.dll
0x00007ff8d1cd0000 - 0x00007ff8d1d67000 	C:\WINDOWS\System32\sechost.dll
0x00007ff8d10f0000 - 0x00007ff8d1210000 	C:\WINDOWS\System32\RPCRT4.dll
0x00007ff8d27f0000 - 0x00007ff8d2984000 	C:\WINDOWS\System32\USER32.dll
0x00007ff8d0940000 - 0x00007ff8d0961000 	C:\WINDOWS\System32\win32u.dll
0x00007ff8d2420000 - 0x00007ff8d2446000 	C:\WINDOWS\System32\GDI32.dll
0x00007ff8cffd0000 - 0x00007ff8d0164000 	C:\WINDOWS\System32\gdi32full.dll
0x00007ff8d0380000 - 0x00007ff8d041e000 	C:\WINDOWS\System32\msvcp_win.dll
0x00007ff8d01f0000 - 0x00007ff8d02ea000 	C:\WINDOWS\System32\ucrtbase.dll
0x00007ff8c4a50000 - 0x00007ff8c4cd5000 	C:\WINDOWS\WinSxS\amd64_microsoft.windows.common-controls_6595b64144ccf1df_6.0.18362.778_none_e6c6b761130d4fb8\COMCTL32.dll
0x00007ff8d2b70000 - 0x00007ff8d2ea6000 	C:\WINDOWS\System32\combase.dll
0x00007ff8d0170000 - 0x00007ff8d01f0000 	C:\WINDOWS\System32\bcryptPrimitives.dll
0x00007ff8d1dd0000 - 0x00007ff8d1dfe000 	C:\WINDOWS\System32\IMM32.DLL
0x000000006dc90000 - 0x000000006dd62000 	C:\Program Files\Java\jre1.8.0_221\bin\msvcr100.dll
0x000000006d3e0000 - 0x000000006dc85000 	C:\Program Files\Java\jre1.8.0_221\bin\server\jvm.dll
0x00007ff8d2450000 - 0x00007ff8d2458000 	C:\WINDOWS\System32\PSAPI.DLL
0x00007ff8c83c0000 - 0x00007ff8c83e4000 	C:\WINDOWS\SYSTEM32\WINMM.dll
0x00007ff8c3890000 - 0x00007ff8c3899000 	C:\WINDOWS\SYSTEM32\WSOCK32.dll
0x00007ff8c8e60000 - 0x00007ff8c8e6a000 	C:\WINDOWS\SYSTEM32\VERSION.dll
0x00007ff8d2780000 - 0x00007ff8d27ef000 	C:\WINDOWS\System32\WS2_32.dll
0x00007ff8c66c0000 - 0x00007ff8c66ed000 	C:\WINDOWS\SYSTEM32\winmmbase.dll
0x00007ff8d0420000 - 0x00007ff8d046a000 	C:\WINDOWS\System32\cfgmgr32.dll
0x00007ff8cb540000 - 0x00007ff8cb54f000 	C:\Program Files\Java\jre1.8.0_221\bin\verify.dll
0x00007ff8c3170000 - 0x00007ff8c3199000 	C:\Program Files\Java\jre1.8.0_221\bin\java.dll
0x00007ff8c5f20000 - 0x00007ff8c5f36000 	C:\Program Files\Java\jre1.8.0_221\bin\zip.dll

VM Arguments:
jvm_args: -Dfile.encoding=Cp1252 
java_command: Programa
java_class_path (initial): C:\Users\roger\Documents\GitHub\WebService_ArqServ\bin;C:\Users\roger\Documents\GitHub\WebService_ArqServ\src\sqljdbc42.jar;C:\Users\roger\Documents\GitHub\WebService_ArqServ\src\webservice\jackson-all-1.9.0.jar
Launcher Type: SUN_STANDARD

Environment Variables:
PATH=C:\Python27\;C:\Python27\Scripts;C:\Program Files (x86)\Common Files\Oracle\Java\javapath;C:\WINDOWS\system32;C:\WINDOWS;C:\WINDOWS\System32\Wbem;C:\WINDOWS\System32\WindowsPowerShell\v1.0\;C:\WINDOWS\System32\OpenSSH\;D:\Program Files\Microsoft SQL Server\120\DTS\Binn\;D:\Program Files\Microsoft SQL Server\Client SDK\ODBC\110\Tools\Binn\;D:\Program Files (x86)\Microsoft SQL Server\120\Tools\Binn\;D:\Program Files\Microsoft SQL Server\120\Tools\Binn\;D:\Program Files (x86)\Microsoft SQL Server\120\Tools\Binn\ManagementStudio\;D:\Program Files (x86)\Microsoft SQL Server\120\DTS\Binn\;C:\Program Files\PuTTY\;C:\Program Files (x86)\Intel\Intel(R) Management Engine Components\DAL;C:\Program Files\Intel\Intel(R) Management Engine Components\DAL;C:\Program Files\Git\cmd;C:\Program Files\dotnet\;C:\Program Files (x86)\Yarn\bin\;D:\Program Files\Microsoft SQL Server\130\Tools\Binn\;D:\Program Files\Microsoft SQL Server\Client SDK\ODBC\170\Tools\Binn\;C:\ProgramData\chocolatey\bin;C:\Program Files\nodejs\;C:\Users\roger\.windows-build-tools\python27\;C:\Users\roger\AppData\Local\Microsoft\WindowsApps;D:\Microsoft VS Code\bin;C:\Program Files\Java\jdk1.8.0_181\bin;C:\Program Files\Java\jdk-13\bin;C:\Users\roger\AppData\Local\GitHubDesktop\bin;C:\Users\roger\.dotnet\tools;C:\Users\roger\AppData\Local\Yarn\bin;C:\Users\roger\AppData\Roaming\npm
USERNAME=roger
OS=Windows_NT
PROCESSOR_IDENTIFIER=Intel64 Family 6 Model 142 Stepping 10, GenuineIntel



---------------  S Y S T E M  ---------------

OS: Windows 10.0 , 64 bit Build 18362 (10.0.18362.778)

CPU:total 8 (initial active 8) (4 cores per cpu, 2 threads per core) family 6 model 142 stepping 10, cmov, cx8, fxsr, mmx, sse, sse2, sse3, ssse3, sse4.1, sse4.2, popcnt, avx, avx2, aes, clmul, erms, 3dnowpref, lzcnt, ht, tsc, tscinvbit, bmi1, bmi2, adx

Memory: 4k page, physical 8286508k(2205980k free), swap 22178216k(5200k free)

vm_info: Java HotSpot(TM) 64-Bit Server VM (25.221-b11) for windows-amd64 JRE (1.8.0_221-b11), built on Jul  4 2019 04:39:29 by "java_re" with MS VC++ 10.0 (VS2010)

time: Wed Apr 15 18:25:17 2020
timezone: Hora oficial do Brasil
elapsed time: 0 seconds (0d 0h 0m 0s)

